<?xml version="1.0" encoding="UTF-8"?>
<testsuite xmlns:xsi="http://www.w3.org/2001/XMLSchema-instance" xsi:schemaLocation="https://maven.apache.org/surefire/maven-surefire-plugin/xsd/surefire-test-report.xsd" name="org.antlr.v4.test.runtime.TestLexerExec" time="1.551" tests="39" errors="0" skipped="0" failures="0">
  <properties>
    <property name="java.runtime.name" value="OpenJDK Runtime Environment"/>
    <property name="java.vm.version" value="17.0.5+8"/>
    <property name="sun.boot.library.path" value="/usr/lib/jvm/java-17-openjdk-17.0.5.0.8-1.fc37.x86_64/lib"/>
    <property name="maven.multiModuleProjectDirectory" value="/home/voodooattack/devel/work/datadocs/antlr4ts/tool"/>
    <property name="java.vm.vendor" value="Red Hat, Inc."/>
    <property name="java.vendor.url" value="https://www.redhat.com/"/>
    <property name="guice.disable.misplaced.annotation.check" value="true"/>
    <property name="path.separator" value=":"/>
    <property name="java.vm.name" value="OpenJDK 64-Bit Server VM"/>
    <property name="user.country" value="GB"/>
    <property name="sun.java.launcher" value="SUN_STANDARD"/>
    <property name="java.vm.specification.name" value="Java Virtual Machine Specification"/>
    <property name="user.dir" value="/home/voodooattack/devel/work/datadocs/antlr4ts/tool"/>
    <property name="java.vm.compressedOopsMode" value="Zero based"/>
    <property name="java.runtime.version" value="17.0.5+8"/>
    <property name="os.arch" value="amd64"/>
    <property name="java.io.tmpdir" value="/tmp"/>
    <property name="line.separator" value="&#10;"/>
    <property name="java.vm.specification.vendor" value="Oracle Corporation"/>
    <property name="os.name" value="Linux"/>
    <property name="classworlds.conf" value="/usr/share/maven/bin/m2.conf"/>
    <property name="sun.jnu.encoding" value="UTF-8"/>
    <property name="java.library.path" value="/usr/java/packages/lib:/usr/lib64:/lib64:/lib:/usr/lib"/>
    <property name="maven.conf" value="/usr/share/maven/conf"/>
    <property name="jdk.debug" value="release"/>
    <property name="java.class.version" value="61.0"/>
    <property name="java.specification.name" value="Java Platform API Specification"/>
    <property name="sun.management.compiler" value="HotSpot 64-Bit Tiered Compilers"/>
    <property name="os.version" value="6.0.18-300.fc37.x86_64"/>
    <property name="library.jansi.path" value="/usr/share/maven/lib/jansi-native"/>
    <property name="user.home" value="/home/voodooattack"/>
    <property name="user.timezone" value="Africa/Cairo"/>
    <property name="file.encoding" value="UTF-8"/>
    <property name="java.specification.version" value="17"/>
    <property name="user.name" value="voodooattack"/>
    <property name="java.class.path" value="/usr/share/maven/boot/plexus-classworlds-2.6.0.jar"/>
    <property name="java.vm.specification.version" value="17"/>
    <property name="sun.arch.data.model" value="64"/>
    <property name="sun.java.command" value="org.codehaus.plexus.classworlds.launcher.Launcher verify"/>
    <property name="java.home" value="/usr/lib/jvm/java-17-openjdk-17.0.5.0.8-1.fc37.x86_64"/>
    <property name="user.language" value="en"/>
    <property name="java.specification.vendor" value="Oracle Corporation"/>
    <property name="java.vm.info" value="mixed mode, sharing"/>
    <property name="java.version" value="17.0.5"/>
    <property name="native.encoding" value="UTF-8"/>
    <property name="java.vendor" value="Red Hat, Inc."/>
    <property name="sun.stderr.encoding" value="UTF-8"/>
    <property name="maven.home" value="/usr/share/maven"/>
    <property name="file.separator" value="/"/>
    <property name="java.version.date" value="2022-10-18"/>
    <property name="java.vendor.url.bug" value="https://bugzilla.redhat.com/enter_bug.cgi?product=Fedora&amp;component=java-17-openjdk&amp;version=37"/>
    <property name="sun.io.unicode.encoding" value="UnicodeLittle"/>
    <property name="sun.cpu.endian" value="little"/>
    <property name="java.vendor.version" value="(Red_Hat-17.0.5.0.8-1.fc37)"/>
    <property name="sun.stdout.encoding" value="UTF-8"/>
  </properties>
  <testcase name="testUnicodeCharSet" classname="org.antlr.v4.test.runtime.TestLexerExec" time="0.022"/>
  <testcase name="testGreedyClosure" classname="org.antlr.v4.test.runtime.TestLexerExec" time="0.016"/>
  <testcase name="testNonGreedyPositiveClosure" classname="org.antlr.v4.test.runtime.TestLexerExec" time="0.012"/>
  <testcase name="testGreedyConfigs" classname="org.antlr.v4.test.runtime.TestLexerExec" time="0.012"/>
  <testcase name="testCharSetInSet" classname="org.antlr.v4.test.runtime.TestLexerExec" time="0.011"/>
  <testcase name="testCharSetRange" classname="org.antlr.v4.test.runtime.TestLexerExec" time="0.011"/>
  <testcase name="testRefToRuleDoesNotSetTokenNorEmitAnother" classname="org.antlr.v4.test.runtime.TestLexerExec" time="0.01"/>
  <testcase name="testRecursiveLexerRuleRefWithWildcardPlus_1" classname="org.antlr.v4.test.runtime.TestLexerExec" time="0.012"/>
  <testcase name="testRecursiveLexerRuleRefWithWildcardPlus_2" classname="org.antlr.v4.test.runtime.TestLexerExec" time="0.01"/>
  <testcase name="testRecursiveLexerRuleRefWithWildcardStar_1" classname="org.antlr.v4.test.runtime.TestLexerExec" time="0.011"/>
  <testcase name="testRecursiveLexerRuleRefWithWildcardStar_2" classname="org.antlr.v4.test.runtime.TestLexerExec" time="0.01"/>
  <testcase name="testNonGreedyOptional" classname="org.antlr.v4.test.runtime.TestLexerExec" time="0.01"/>
  <testcase name="testCharSetWithQuote1" classname="org.antlr.v4.test.runtime.TestLexerExec" time="0.011"/>
  <testcase name="testCharSetWithQuote2" classname="org.antlr.v4.test.runtime.TestLexerExec" time="0.01"/>
  <testcase name="testEOFByItself" classname="org.antlr.v4.test.runtime.TestLexerExec" time="0.012"/>
  <testcase name="testKeywordID" classname="org.antlr.v4.test.runtime.TestLexerExec" time="0.011"/>
  <testcase name="testCharSetPlus" classname="org.antlr.v4.test.runtime.TestLexerExec" time="0.01"/>
  <testcase name="testGreedyPositiveClosure" classname="org.antlr.v4.test.runtime.TestLexerExec" time="0.01"/>
  <testcase name="testActionPlacement" classname="org.antlr.v4.test.runtime.TestLexerExec" time="0.01"/>
  <testcase name="testNonGreedyClosure" classname="org.antlr.v4.test.runtime.TestLexerExec" time="0.01"/>
  <testcase name="testPositionAdjustingLexer" classname="org.antlr.v4.test.runtime.TestLexerExec" time="0.013"/>
  <testcase name="testNonGreedyConfigs" classname="org.antlr.v4.test.runtime.TestLexerExec" time="0.01"/>
  <testcase name="testEOFSuffixInFirstRule_1" classname="org.antlr.v4.test.runtime.TestLexerExec" time="0.01"/>
  <testcase name="testEOFSuffixInFirstRule_2" classname="org.antlr.v4.test.runtime.TestLexerExec" time="0.01"/>
  <testcase name="testCharSetNot" classname="org.antlr.v4.test.runtime.TestLexerExec" time="0.01"/>
  <testcase name="testCharSetWithEscapedChar" classname="org.antlr.v4.test.runtime.TestLexerExec" time="0.01"/>
  <testcase name="testGreedyOptional" classname="org.antlr.v4.test.runtime.TestLexerExec" time="0.01"/>
  <testcase name="testCharSet" classname="org.antlr.v4.test.runtime.TestLexerExec" time="0.01"/>
  <testcase name="testParentheses" classname="org.antlr.v4.test.runtime.TestLexerExec" time="0.011"/>
  <testcase name="testCharSetWithMissingEndRange" classname="org.antlr.v4.test.runtime.TestLexerExec" time="0.011"/>
  <testcase name="testHexVsID" classname="org.antlr.v4.test.runtime.TestLexerExec" time="0.011"/>
  <testcase name="testCharSetWithMissingEscapeChar" classname="org.antlr.v4.test.runtime.TestLexerExec" time="0.01"/>
  <testcase name="testZeroLengthToken" classname="org.antlr.v4.test.runtime.TestLexerExec" time="0.012"/>
  <testcase name="testNonGreedyTermination1" classname="org.antlr.v4.test.runtime.TestLexerExec" time="0.012"/>
  <testcase name="testNonGreedyTermination2" classname="org.antlr.v4.test.runtime.TestLexerExec" time="0.018"/>
  <testcase name="testLargeLexer" classname="org.antlr.v4.test.runtime.TestLexerExec" time="1.09"/>
  <testcase name="testQuoteTranslation" classname="org.antlr.v4.test.runtime.TestLexerExec" time="0.02"/>
  <testcase name="testEscapeTargetStringLiteral" classname="org.antlr.v4.test.runtime.TestLexerExec" time="0.017"/>
  <testcase name="testSlashes" classname="org.antlr.v4.test.runtime.TestLexerExec" time="0.021"/>
</testsuite>