<?xml version="1.0" encoding="UTF-8"?>
<testsuite xmlns:xsi="http://www.w3.org/2001/XMLSchema-instance" xsi:schemaLocation="https://maven.apache.org/surefire/maven-surefire-plugin/xsd/surefire-test-report.xsd" name="org.antlr.v4.test.runtime.TestSets" time="1.542" tests="32" errors="0" skipped="0" failures="0">
  <properties>
    <property name="java.runtime.name" value="OpenJDK Runtime Environment"/>
    <property name="java.vm.version" value="17.0.5+8"/>
    <property name="sun.boot.library.path" value="/usr/lib/jvm/java-17-openjdk-17.0.5.0.8-1.fc37.x86_64/lib"/>
    <property name="maven.multiModuleProjectDirectory" value="/home/voodooattack/devel/work/datadocs/antlr4ts/tool"/>
    <property name="java.vm.vendor" value="Red Hat, Inc."/>
    <property name="java.vendor.url" value="https://www.redhat.com/"/>
    <property name="guice.disable.misplaced.annotation.check" value="true"/>
    <property name="path.separator" value=":"/>
    <property name="java.vm.name" value="OpenJDK 64-Bit Server VM"/>
    <property name="user.country" value="GB"/>
    <property name="sun.java.launcher" value="SUN_STANDARD"/>
    <property name="java.vm.specification.name" value="Java Virtual Machine Specification"/>
    <property name="user.dir" value="/home/voodooattack/devel/work/datadocs/antlr4ts/tool"/>
    <property name="java.vm.compressedOopsMode" value="Zero based"/>
    <property name="java.runtime.version" value="17.0.5+8"/>
    <property name="os.arch" value="amd64"/>
    <property name="java.io.tmpdir" value="/tmp"/>
    <property name="line.separator" value="&#10;"/>
    <property name="java.vm.specification.vendor" value="Oracle Corporation"/>
    <property name="os.name" value="Linux"/>
    <property name="classworlds.conf" value="/usr/share/maven/bin/m2.conf"/>
    <property name="sun.jnu.encoding" value="UTF-8"/>
    <property name="java.library.path" value="/usr/java/packages/lib:/usr/lib64:/lib64:/lib:/usr/lib"/>
    <property name="maven.conf" value="/usr/share/maven/conf"/>
    <property name="jdk.debug" value="release"/>
    <property name="java.class.version" value="61.0"/>
    <property name="java.specification.name" value="Java Platform API Specification"/>
    <property name="sun.management.compiler" value="HotSpot 64-Bit Tiered Compilers"/>
    <property name="os.version" value="6.0.18-300.fc37.x86_64"/>
    <property name="library.jansi.path" value="/usr/share/maven/lib/jansi-native"/>
    <property name="user.home" value="/home/voodooattack"/>
    <property name="user.timezone" value="Africa/Cairo"/>
    <property name="file.encoding" value="UTF-8"/>
    <property name="java.specification.version" value="17"/>
    <property name="user.name" value="voodooattack"/>
    <property name="java.class.path" value="/usr/share/maven/boot/plexus-classworlds-2.6.0.jar"/>
    <property name="java.vm.specification.version" value="17"/>
    <property name="sun.arch.data.model" value="64"/>
    <property name="sun.java.command" value="org.codehaus.plexus.classworlds.launcher.Launcher verify"/>
    <property name="java.home" value="/usr/lib/jvm/java-17-openjdk-17.0.5.0.8-1.fc37.x86_64"/>
    <property name="user.language" value="en"/>
    <property name="java.specification.vendor" value="Oracle Corporation"/>
    <property name="java.vm.info" value="mixed mode, sharing"/>
    <property name="java.version" value="17.0.5"/>
    <property name="native.encoding" value="UTF-8"/>
    <property name="java.vendor" value="Red Hat, Inc."/>
    <property name="sun.stderr.encoding" value="UTF-8"/>
    <property name="maven.home" value="/usr/share/maven"/>
    <property name="file.separator" value="/"/>
    <property name="java.version.date" value="2022-10-18"/>
    <property name="java.vendor.url.bug" value="https://bugzilla.redhat.com/enter_bug.cgi?product=Fedora&amp;component=java-17-openjdk&amp;version=37"/>
    <property name="sun.io.unicode.encoding" value="UnicodeLittle"/>
    <property name="sun.cpu.endian" value="little"/>
    <property name="java.vendor.version" value="(Red_Hat-17.0.5.0.8-1.fc37)"/>
    <property name="sun.stdout.encoding" value="UTF-8"/>
  </properties>
  <testcase name="testUnicodeEscapedBMPSet" classname="org.antlr.v4.test.runtime.TestSets" time="0.327"/>
  <testcase name="testUnicodeEscapedSMPRangeSet" classname="org.antlr.v4.test.runtime.TestSets" time="0.085"/>
  <testcase name="testStarLexerSingleElement_1" classname="org.antlr.v4.test.runtime.TestSets" time="0.064"/>
  <testcase name="testStarLexerSingleElement_2" classname="org.antlr.v4.test.runtime.TestSets" time="0.056"/>
  <testcase name="testPlusLexerSingleElement" classname="org.antlr.v4.test.runtime.TestSets" time="0.06"/>
  <testcase name="testRuleAsSet" classname="org.antlr.v4.test.runtime.TestSets" time="0.059"/>
  <testcase name="testUnicodeEscapedSMPSet" classname="org.antlr.v4.test.runtime.TestSets" time="0.044"/>
  <testcase name="testNotCharSetWithLabel" classname="org.antlr.v4.test.runtime.TestSets" time="0.04"/>
  <testcase name="testUnicodeEscapedBMPRangeSet" classname="org.antlr.v4.test.runtime.TestSets" time="0.047"/>
  <testcase name="testNotCharSet" classname="org.antlr.v4.test.runtime.TestSets" time="0.029"/>
  <testcase name="testUnicodeUnescapedBMPSet" classname="org.antlr.v4.test.runtime.TestSets" time="0.032"/>
  <testcase name="testParserSet" classname="org.antlr.v4.test.runtime.TestSets" time="0.032"/>
  <testcase name="testOptionalSet" classname="org.antlr.v4.test.runtime.TestSets" time="0.044"/>
  <testcase name="testLexerPlusSet" classname="org.antlr.v4.test.runtime.TestSets" time="0.04"/>
  <testcase name="testPlusSet" classname="org.antlr.v4.test.runtime.TestSets" time="0.041"/>
  <testcase name="testParserNotToken" classname="org.antlr.v4.test.runtime.TestSets" time="0.042"/>
  <testcase name="testParserNotTokenWithLabel" classname="org.antlr.v4.test.runtime.TestSets" time="0.041"/>
  <testcase name="testComplementSet" classname="org.antlr.v4.test.runtime.TestSets" time="0.036"/>
  <testcase name="testNotCharSetWithRuleRef3" classname="org.antlr.v4.test.runtime.TestSets" time="0.037"/>
  <testcase name="testLexerOptionalSet" classname="org.antlr.v4.test.runtime.TestSets" time="0.035"/>
  <testcase name="testUnicodeEscapedSMPRangeSetMismatch" classname="org.antlr.v4.test.runtime.TestSets" time="0.036"/>
  <testcase name="testUnicodeNegatedSMPSetIncludesBMPCodePoints" classname="org.antlr.v4.test.runtime.TestSets" time="0.031"/>
  <testcase name="testUnicodeNegatedBMPSetIncludesSMPCodePoints" classname="org.antlr.v4.test.runtime.TestSets" time="0.022"/>
  <testcase name="testUnicodeUnescapedBMPRangeSet" classname="org.antlr.v4.test.runtime.TestSets" time="0.022"/>
  <testcase name="testOptionalSingleElement" classname="org.antlr.v4.test.runtime.TestSets" time="0.022"/>
  <testcase name="testOptionalLexerSingleElement" classname="org.antlr.v4.test.runtime.TestSets" time="0.026"/>
  <testcase name="testSeqDoesNotBecomeSet" classname="org.antlr.v4.test.runtime.TestSets" time="0.029"/>
  <testcase name="testCharSetLiteral" classname="org.antlr.v4.test.runtime.TestSets" time="0.026"/>
  <testcase name="testNotChar" classname="org.antlr.v4.test.runtime.TestSets" time="0.023"/>
  <testcase name="testLexerStarSet" classname="org.antlr.v4.test.runtime.TestSets" time="0.022"/>
  <testcase name="testStarSet" classname="org.antlr.v4.test.runtime.TestSets" time="0.021"/>
  <testcase name="testParserNotSet" classname="org.antlr.v4.test.runtime.TestSets" time="0.023"/>
</testsuite>